Starting a Gradle Daemon, 1 incompatible Daemon could not be reused, use --status for details
> Task :app:preBuild UP-TO-DATE
> Task :app:preDebugBuild UP-TO-DATE
> Task :app:mergeDebugNativeDebugMetadata NO-SOURCE
> Task :app:generateDebugBuildConfig UP-TO-DATE
> Task :app:checkDebugAarMetadata UP-TO-DATE
> Task :app:generateDebugResValues UP-TO-DATE
> Task :app:mapDebugSourceSetPaths UP-TO-DATE
> Task :app:generateDebugResources UP-TO-DATE
> Task :app:mergeDebugResources UP-TO-DATE
> Task :app:packageDebugResources UP-TO-DATE
> Task :app:parseDebugLocalResources UP-TO-DATE
> Task :app:createDebugCompatibleScreenManifests UP-TO-DATE
> Task :app:extractDeepLinksDebug UP-TO-DATE
> Task :app:processDebugMainManifest UP-TO-DATE
> Task :app:processDebugManifest UP-TO-DATE
> Task :app:processDebugManifestForPackage UP-TO-DATE
> Task :app:processDebugResources UP-TO-DATE
> Task :app:javaPreCompileDebug UP-TO-DATE
> Task :app:mergeDebugShaders UP-TO-DATE
> Task :app:compileDebugShaders NO-SOURCE
> Task :app:generateDebugAssets UP-TO-DATE
> Task :app:mergeDebugAssets UP-TO-DATE
> Task :app:compressDebugAssets UP-TO-DATE
> Task :app:checkDebugDuplicateClasses UP-TO-DATE
> Task :app:desugarDebugFileDependencies UP-TO-DATE
> Task :app:mergeDebugStartupProfile UP-TO-DATE
> Task :app:mergeExtDexDebug UP-TO-DATE
> Task :app:mergeLibDexDebug UP-TO-DATE
> Task :app:mergeDebugJniLibFolders UP-TO-DATE
> Task :app:mergeDebugNativeLibs NO-SOURCE
> Task :app:stripDebugDebugSymbols NO-SOURCE
> Task :app:validateSigningDebug UP-TO-DATE
> Task :app:writeDebugAppMetadata UP-TO-DATE
> Task :app:writeDebugSigningConfigVersions UP-TO-DATE
> Task :app:compileDebugKotlin
./gradlew : e: file:///C:/Users/amanj/OneDrive
/Desktop/payc/app/src/main/java/com/example/pa
yc/data/models/SupabaseModels.kt:6:1 Your 
current Kotlin version is 1.9.0, while 
kotlinx.serialization core runtime 1.7.2 
requires at least Kotlin 2.0.0-RC1. Please 
update your Kotlin compiler and IDE plugin.
At line:1 char:48
+ ... ="C:\Program Files\Java\jdk-17"; 
./gradlew assembleDebug 2>&1 | Out-F ...
+                                      
~~~~~~~~~~~~~~~~~~~~~~~~~~~~
    + CategoryInfo          : NotSpecified: ( 
   e: file:///C:/U...and IDE plugin.:String)  
   [], RemoteException
    + FullyQualifiedErrorId : NativeCommandEr 
   ror
 
e: file:///C:/Users/amanj/OneDrive/Desktop/pay
c/app/src/main/java/com/example/payc/data/mode
ls/SupabaseModels.kt:32:1 Your current Kotlin 
version is 1.9.0, while kotlinx.serialization 
core runtime 1.7.2 requires at least Kotlin 
2.0.0-RC1. Please update your Kotlin compiler 
and IDE plugin.
e: file:///C:/Users/amanj/OneDrive/Desktop/pay
c/app/src/main/java/com/example/payc/data/mode
ls/SupabaseModels.kt:50:1 Your current Kotlin 
version is 1.9.0, while kotlinx.serialization 
core runtime 1.7.2 requires at least Kotlin 
2.0.0-RC1. Please update your Kotlin compiler 
and IDE plugin.
e: file:///C:/Users/amanj/OneDrive/Desktop/pay
c/app/src/main/java/com/example/payc/data/mode
ls/SupabaseModels.kt:69:1 Your current Kotlin 
version is 1.9.0, while kotlinx.serialization 
core runtime 1.7.2 requires at least Kotlin 
2.0.0-RC1. Please update your Kotlin compiler 
and IDE plugin.
e: file:///C:/Users/amanj/OneDrive/Desktop/pay
c/app/src/main/java/com/example/payc/data/mode
ls/SupabaseModels.kt:92:1 Your current Kotlin 
version is 1.9.0, while kotlinx.serialization 
core runtime 1.7.2 requires at least Kotlin 
2.0.0-RC1. Please update your Kotlin compiler 
and IDE plugin.
e: file:///C:/Users/amanj/OneDrive/Desktop/pay
c/app/src/main/java/com/example/payc/data/mode
ls/SupabaseModels.kt:113:1 Your current 
Kotlin version is 1.9.0, while 
kotlinx.serialization core runtime 1.7.2 
requires at least Kotlin 2.0.0-RC1. Please 
update your Kotlin compiler and IDE plugin.
e: file:///C:/Users/amanj/OneDrive/Desktop/pay
c/app/src/main/java/com/example/payc/data/mode
ls/SupabaseModels.kt:127:1 Your current 
Kotlin version is 1.9.0, while 
kotlinx.serialization core runtime 1.7.2 
requires at least Kotlin 2.0.0-RC1. Please 
update your Kotlin compiler and IDE plugin.

> Task :app:compileDebugKotlin FAILED

FAILURE: Build failed with an exception.

* What went wrong:
Execution failed for task 
':app:compileDebugKotlin'.
> A failure occurred while executing org.jetbr
ains.kotlin.compilerRunner.GradleCompilerRunne
rWithWorkers$GradleKotlinCompilerWorkAction
   > Compilation error. See log for more 
details

* Try:
> Run with --stacktrace option to get the 
stack trace.
> Run with --info or --debug option to get 
more log output.
> Run with --scan to get full insights.
> Get more help at https://help.gradle.org.

Deprecated Gradle features were used in this build, making it incompatible with Gradle 9.0.

You can use '--warning-mode all' to show the individual deprecation warnings and determine if they come from your own scripts or plugins.

For more on this, please refer to https://docs.gradle.org/8.7/userguide/command_line_interface.html#sec:command_line_warnings in the Gradle documentation.

BUILD FAILED in 1m 21s
28 actionable tasks: 1 executed, 27 up-to-date
